6pad log
Init paths...
Window class name = QC6Pad01_a
appName = C:\MinGW\ProgQ\9pad++
appDir = a
config file = C:\MinGW\ProgQ\9pad++\a.ini
Loading config file...
Loading language file...
Loading argvlist...
argv[0]=a
Parsing argvlist...
firstInstance = true
Registering window class...
Registering common controls...
Init app window GUI...
Loading recent files list...
Init python...
Parsing argvlist again...
Begin PyStart...
Reloading last opened files...
Set python path...
Registering sixpad python module...
Calling Py_Initialize...
Show app window and starting event loop...
Init python GIL...
Entering python GIL...
Running builtin python script...
Running auto python script C:\MinGW\ProgQ\9pad++\a.py...
Init extensions...
Python ready, starting interactive console...
End of message loop
Saving config...
Finished, exiting with code 0